<?xml version="1.0" encoding="UTF-8"?><testsuite errors="1" failures="0" name="Buscar en el mapa y tomar foto del departamento" skipped="0" tests="1" time="54.61" timestamp="2019-10-04 10:28:33"><testcase name="busqueda de apartamento en prishtina kosovo polje con precio menor de un millon"><error message="Cannot locate an element using xpath=(//div[@id='gb']//div[@aria-label='Google apps']/ul//li[10])[1]/a&#10;For documentation on this error, please visit: https://www.seleniumhq.org/exceptions/no_such_element.html&#10;Build info: version: '3.141.59', revision: 'e82be7d358', time: '2018-11-14T08:17:03'&#10;System info: host: 'CHMEPPF0HDQQD', ip: '172.17.27.126', os.name: 'Windows 10', os.arch: 'amd64', os.version: '10.0', java.version: '1.8.0_211'&#10;Driver info: driver.version: RemoteWebDriver&#10;For documentation on this error, please visit: https://www.seleniumhq.org/exceptions/no_such_element.html&#10;Build info: version: '3.141.59', revision: 'e82be7d358', time: '2018-11-14T08:17:03'&#10;System info: host: 'CHMEPPF0HDQQD', ip: '172.17.27.126', os.name: 'Windows 10', os.arch: 'amd64', os.version: '10.0', java.version: '1.8.0_211'&#10;Driver info: driver.version: unknown" type="org.openqa.selenium.NoSuchElementException">Cannot locate an element using xpath=(//div[@id='gb']//div[@aria-label='Google apps']/ul//li[10])[1]/a
For documentation on this error, please visit: https://www.seleniumhq.org/exceptions/no_such_element.html
Build info: version: '3.141.59', revision: 'e82be7d358', time: '2018-11-14T08:17:03'
System info: host: 'CHMEPPF0HDQQD', ip: '172.17.27.126', os.name: 'Windows 10', os.arch: 'amd64', os.version: '10.0', java.version: '1.8.0_211'
Driver info: driver.version: RemoteWebDriver
For documentation on this error, please visit: https://www.seleniumhq.org/exceptions/no_such_element.html
Build info: version: '3.141.59', revision: 'e82be7d358', time: '2018-11-14T08:17:03'
System info: host: 'CHMEPPF0HDQQD', ip: '172.17.27.126', os.name: 'Windows 10', os.arch: 'amd64', os.version: '10.0', java.version: '1.8.0_211'
Driver info: driver.version: unknown</error><system-err>Cannot locate an element using xpath=(//div[@id='gb']//div[@aria-label='Google apps']/ul//li[10])[1]/a
For documentation on this error, please visit: https://www.seleniumhq.org/exceptions/no_such_element.html
Build info: version: '3.141.59', revision: 'e82be7d358', time: '2018-11-14T08:17:03'
System info: host: 'CHMEPPF0HDQQD', ip: '172.17.27.126', os.name: 'Windows 10', os.arch: 'amd64', os.version: '10.0', java.version: '1.8.0_211'
Driver info: driver.version: RemoteWebDriver
For documentation on this error, please visit: https://www.seleniumhq.org/exceptions/no_such_element.html
Build info: version: '3.141.59', revision: 'e82be7d358', time: '2018-11-14T08:17:03'
System info: host: 'CHMEPPF0HDQQD', ip: '172.17.27.126', os.name: 'Windows 10', os.arch: 'amd64', os.version: '10.0', java.version: '1.8.0_211'
Driver info: driver.version: unknown&#13;
com.choucair.formacion.pageobjects.AirbnbPage.googleTraductor(AirbnbPage.java:176)&#13;
com.choucair.formacion.steps.AirbnbSteps.entrar(AirbnbSteps.java:15)&#13;
com.choucair.formacion.definition.airbnbDefinitions.se_debe_realizar_una_busqueda_de_departamento(airbnbDefinitions.java:15)&#13;
cucumber.runner.Runner.runPickle(Runner.java:80)&#13;
</system-err></testcase></testsuite>